Copyright 1986-2020 Xilinx, Inc. All Rights Reserved.
-----------------------------------------------------------------------------------------------
| Tool Version : Vivado v.2020.2 (win64) Build 3064766 Wed Nov 18 09:12:45 MST 2020
| Date         : Tue Jan 30 23:22:37 2024
| Host         : DESKTOP-MV3APH8 running 64-bit major release  (build 9200)
| Command      : report_clock_utilization -file circuit_tr_signal_clock_utilization_routed.rpt
| Design       : circuit_tr_signal
| Device       : 7z010-clg400
| Speed File   : -1  PRODUCTION 1.12 2019-11-22
| Design State : Routed
-----------------------------------------------------------------------------------------------

Clock Utilization Report

Table of Contents
-----------------
1. Clock Primitive Utilization
2. Global Clock Resources
3. Global Clock Source Details
4. Local Clock Details
5. Clock Regions: Key Resource Utilization
6. Clock Regions : Global Clock Summary
7. Device Cell Placement Summary for Global Clock g0
8. Device Cell Placement Summary for Global Clock g1
9. Device Cell Placement Summary for Global Clock g2
10. Device Cell Placement Summary for Global Clock g3
11. Device Cell Placement Summary for Global Clock g4
12. Clock Region Cell Placement per Global Clock: Region X0Y0
13. Clock Region Cell Placement per Global Clock: Region X1Y0
14. Clock Region Cell Placement per Global Clock: Region X1Y1

1. Clock Primitive Utilization
------------------------------

+----------+------+-----------+-----+--------------+--------+
| Type     | Used | Available | LOC | Clock Region | Pblock |
+----------+------+-----------+-----+--------------+--------+
| BUFGCTRL |    5 |        32 |   0 |            0 |      0 |
| BUFH     |    0 |        48 |   0 |            0 |      0 |
| BUFIO    |    0 |         8 |   0 |            0 |      0 |
| BUFMR    |    0 |         4 |   0 |            0 |      0 |
| BUFR     |    0 |         8 |   0 |            0 |      0 |
| MMCM     |    0 |         2 |   0 |            0 |      0 |
| PLL      |    1 |         2 |   0 |            0 |      0 |
+----------+------+-----------+-----+--------------+--------+


2. Global Clock Resources
-------------------------

+-----------+-----------+-----------------+------------+----------------+--------------+-------------------+-------------+-----------------+--------------+---------+-----------------------------------------------------------+-----------------------------------------------+
| Global Id | Source Id | Driver Type/Pin | Constraint | Site           | Clock Region | Load Clock Region | Clock Loads | Non-Clock Loads | Clock Period | Clock   | Driver Pin                                                | Net                                           |
+-----------+-----------+-----------------+------------+----------------+--------------+-------------------+-------------+-----------------+--------------+---------+-----------------------------------------------------------+-----------------------------------------------+
| g0        | src0      | BUFG/O          | None       | BUFGCTRL_X0Y0  | n/a          |                 3 |         179 |               1 |              |         | inst_synchro/inst_gen_clk_codec/ClockBufer1/O             | inst_synchro/inst_gen_clk_codec/clk_100MHz    |
| g1        | src1      | BUFG/O          | None       | BUFGCTRL_X0Y17 | n/a          |                 1 |         124 |               0 |       20.000 | CLKOUT0 | inst_synchro/inst_synchro/ClockBuf0/O                     | inst_synchro/inst_synchro/PLLE2_BASE_inst_0   |
| g2        | src2      | BUFG/O          | None       | BUFGCTRL_X0Y1  | n/a          |                 1 |          94 |              53 |              |         | design_1_i/M6_parametre_2/U0/CurrEtat[1]_BUFG_inst/O      | design_1_i/M6_parametre_2/U0/CurrEtat_BUFG[1] |
| g3        | src3      | BUFG/O          | None       | BUFGCTRL_X0Y2  | n/a          |                 1 |          48 |              99 |              |         | design_1_i/M6_parametre_2/U0/CurrEtat_BUFG[0]_BUFG_inst/O | design_1_i/M6_parametre_2/U0/CurrEtat_BUFG[0] |
| g4        | src4      | BUFG/O          | None       | BUFGCTRL_X0Y16 | n/a          |                 1 |          11 |               1 |       80.714 | CLKOUT1 | inst_synchro/inst_synchro/ClockBufer1/O                   | inst_synchro/inst_synchro/o_ac_mclk_OBUF      |
+-----------+-----------+-----------------+------------+----------------+--------------+-------------------+-------------+-----------------+--------------+---------+-----------------------------------------------------------+-----------------------------------------------+
* Clock Loads column represents the clock pin loads (pin count)
** Non-Clock Loads column represents the non-clock pin loads (pin count)


3. Global Clock Source Details
------------------------------

+-----------+-----------+-------------------+------------+----------------+--------------+-------------+-----------------+---------------------+--------------+---------------------------------------------------+------------------------------------------+
| Source Id | Global Id | Driver Type/Pin   | Constraint | Site           | Clock Region | Clock Loads | Non-Clock Loads | Source Clock Period | Source Clock | Driver Pin                                        | Net                                      |
+-----------+-----------+-------------------+------------+----------------+--------------+-------------+-----------------+---------------------+--------------+---------------------------------------------------+------------------------------------------+
| src0      | g0        | FDRE/Q            | None       | SLICE_X22Y45   | X1Y0         |           2 |               1 |                     |              | inst_synchro/inst_gen_clk_codec/d_bclk_reg/Q      | inst_synchro/inst_gen_clk_codec/I        |
| src1      | g1        | PLLE2_ADV/CLKOUT0 | None       | PLLE2_ADV_X0Y1 | X1Y1         |           1 |               0 |              20.000 | CLKOUT0      | inst_synchro/inst_synchro/PLLE2_BASE_inst/CLKOUT0 | inst_synchro/inst_synchro/CLKOUT0        |
| src2      | g2        | FDCE/Q            | None       | SLICE_X37Y45   | X1Y0         |           1 |               0 |                     |              | design_1_i/M6_parametre_2/U0/CurrEtat_reg[1]/Q    | design_1_i/M6_parametre_2/U0/CurrEtat[1] |
| src3      | g3        | FDCE/Q            | None       | SLICE_X36Y46   | X1Y0         |           1 |               0 |                     |              | design_1_i/M6_parametre_2/U0/CurrEtat_reg[0]/Q    | design_1_i/M6_parametre_2/U0/CurrEtat[0] |
| src4      | g4        | PLLE2_ADV/CLKOUT1 | None       | PLLE2_ADV_X0Y1 | X1Y1         |           1 |               0 |              80.714 | CLKOUT1      | inst_synchro/inst_synchro/PLLE2_BASE_inst/CLKOUT1 | inst_synchro/inst_synchro/CLKOUT1        |
+-----------+-----------+-------------------+------------+----------------+--------------+-------------+-----------------+---------------------+--------------+---------------------------------------------------+------------------------------------------+
* Clock Loads column represents the clock pin loads (pin count)
** Non-Clock Loads column represents the non-clock pin loads (pin count)


4. Local Clock Details
----------------------

+----------+-----------------+------------+------------------+--------------+-------------+-----------------+--------------+-------+----------------------------------------------+-----------------------------------+
| Local Id | Driver Type/Pin | Constraint | Site/BEL         | Clock Region | Clock Loads | Non-Clock Loads | Clock Period | Clock | Driver Pin                                   | Net                               |
+----------+-----------------+------------+------------------+--------------+-------------+-----------------+--------------+-------+----------------------------------------------+-----------------------------------||
| 0        | FDRE/Q          | None       | SLICE_X22Y45/AFF | X1Y0         |           1 |               2 |              |       | inst_synchro/inst_gen_clk_codec/d_bclk_reg/Q | inst_synchro/inst_gen_clk_codec/I - Static -
+----------+-----------------+------------+------------------+--------------+-------------+-----------------+--------------+-------+----------------------------------------------+-----------------------------------||
* Local Clocks in this context represents only clocks driven by non-global buffers
** Clock Loads column represents the clock pin loads (pin count)
*** Non-Clock Loads column represents the non-clock pin loads (pin count)


5. Clock Regions: Key Resource Utilization
------------------------------------------

+-------------------+--------------+--------------+--------------+--------------+--------------+--------------+--------------+--------------+--------------+--------------+--------------+--------------+--------------+--------------+--------------+
|                   | Global Clock |     BUFRs    |    BUFMRs    |    BUFIOs    |     MMCM     |      PLL     |      GT      |      PCI     |    ILOGIC    |    OLOGIC    |      FF      |     LUTM     |    RAMB18    |    RAMB36    |    DSP48E2   |
+-------------------+------+-------+------+-------+------+-------+------+-------+------+-------+------+-------+------+-------+------+-------+------+-------+------+-------+------+-------+------+-------+------+-------+------+-------+------+-------+
| Clock Region Name | Used | Avail | Used | Avail | Used | Avail | Used | Avail | Used | Avail | Used | Avail | Used | Avail | Used | Avail | Used | Avail | Used | Avail | Used | Avail | Used | Avail | Used | Avail | Used | Avail | Used | Avail |
+-------------------+------+-------+------+-------+------+-------+------+-------+------+-------+------+-------+------+-------+------+-------+------+-------+------+-------+------+-------+------+-------+------+-------+------+-------+------+-------+
| X0Y0              |    1 |    12 |    0 |     0 |    0 |     0 |    0 |     0 |    0 |     0 |    0 |     0 |    0 |     0 |    0 |     0 |    0 |     0 |    0 |     0 |    6 |  1100 |    4 |   400 |    0 |    20 |    0 |    10 |    0 |    20 |
| X1Y0              |    5 |    12 |    0 |     4 |    0 |     2 |    0 |     4 |    0 |     1 |    0 |     1 |    0 |     0 |    0 |     0 |    0 |    50 |    0 |    50 |  288 |  1100 |  189 |   350 |    0 |    40 |    0 |    20 |    0 |    20 |
| X0Y1              |    0 |    12 |    0 |     0 |    0 |     0 |    0 |     0 |    0 |     0 |    0 |     0 |    0 |     0 |    0 |     0 |    0 |     0 |    0 |     0 |    0 |  1100 |    0 |   400 |    0 |    20 |    0 |    10 |    0 |    20 |
| X1Y1              |    1 |    12 |    0 |     4 |    0 |     2 |    0 |     4 |    0 |     1 |    0 |     1 |    0 |     0 |    0 |     0 |    0 |    50 |    0 |    50 |   21 |  1100 |    5 |   350 |    0 |    40 |    0 |    20 |    0 |    20 |
+-------------------+------+-------+------+-------+------+-------+------+-------+------+-------+------+-------+------+-------+------+-------+------+-------+------+-------+------+-------+------+-------+------+-------+------+-------+------+-------+
* Global Clock column represents track count; while other columns represents cell counts


6. Clock Regions : Global Clock Summary
---------------------------------------

All Modules
+----+----+----+
|    | X0 | X1 |
+----+----+----+
| Y1 |  0 |  1 |
| Y0 |  1 |  5 |
+----+----+----+


7. Device Cell Placement Summary for Global Clock g0
----------------------------------------------------

+-----------+-----------------+-------------------+-------+-------------+---------------+-------------+----------+----------------+----------+--------------------------------------------+
| Global Id | Driver Type/Pin | Driver Region (D) | Clock | Period (ns) | Waveform (ns) | Slice Loads | IO Loads | Clocking Loads | GT Loads | Net                                        |
+-----------+-----------------+-------------------+-------+-------------+---------------+-------------+----------+----------------+----------+--------------------------------------------+
| g0        | BUFG/O          | n/a               |       |             |               |         179 |        1 |              0 |        0 | inst_synchro/inst_gen_clk_codec/clk_100MHz |
+-----------+-----------------+-------------------+-------+-------------+---------------+-------------+----------+----------------+----------+--------------------------------------------+
* Slice Loads column represents load cell count of all cell types other than IO, GT and clock resources
** IO Loads column represents load cell count of IO types
*** Clocking Loads column represents load cell count that are clock resources (global clock buffer, MMCM, PLL, etc)
**** GT Loads column represents load cell count of GT types


+----+----+------+-----------------------+
|    | X0 | X1   | HORIZONTAL PROG DELAY |
+----+----+------+-----------------------+
| Y1 |  0 |   21 |                     0 |
| Y0 |  6 |  153 |                     0 |
+----+----+------+-----------------------+


8. Device Cell Placement Summary for Global Clock g1
----------------------------------------------------

+-----------+-----------------+-------------------+---------+-------------+----------------+-------------+----------+----------------+----------+---------------------------------------------+
| Global Id | Driver Type/Pin | Driver Region (D) | Clock   | Period (ns) | Waveform (ns)  | Slice Loads | IO Loads | Clocking Loads | GT Loads | Net                                         |
+-----------+-----------------+-------------------+---------+-------------+----------------+-------------+----------+----------------+----------+---------------------------------------------+
| g1        | BUFG/O          | n/a               | CLKOUT0 |      20.000 | {0.000 10.000} |         124 |        0 |              0 |        0 | inst_synchro/inst_synchro/PLLE2_BASE_inst_0 |
+-----------+-----------------+-------------------+---------+-------------+----------------+-------------+----------+----------------+----------+---------------------------------------------+
* Slice Loads column represents load cell count of all cell types other than IO, GT and clock resources
** IO Loads column represents load cell count of IO types
*** Clocking Loads column represents load cell count that are clock resources (global clock buffer, MMCM, PLL, etc)
**** GT Loads column represents load cell count of GT types


+----+----+------+-----------------------+
|    | X0 | X1   | HORIZONTAL PROG DELAY |
+----+----+------+-----------------------+
| Y1 |  0 |    0 |                     0 |
| Y0 |  0 |  124 |                     0 |
+----+----+------+-----------------------+


9. Device Cell Placement Summary for Global Clock g2
----------------------------------------------------

+-----------+-----------------+-------------------+-------+-------------+---------------+-------------+----------+----------------+----------+-----------------------------------------------+
| Global Id | Driver Type/Pin | Driver Region (D) | Clock | Period (ns) | Waveform (ns) | Slice Loads | IO Loads | Clocking Loads | GT Loads | Net                                           |
+-----------+-----------------+-------------------+-------+-------------+---------------+-------------+----------+----------------+----------+-----------------------------------------------+
| g2        | BUFG/O          | n/a               |       |             |               |         147 |        0 |              0 |        0 | design_1_i/M6_parametre_2/U0/CurrEtat_BUFG[1] |
+-----------+-----------------+-------------------+-------+-------------+---------------+-------------+----------+----------------+----------+-----------------------------------------------+
* Slice Loads column represents load cell count of all cell types other than IO, GT and clock resources
** IO Loads column represents load cell count of IO types
*** Clocking Loads column represents load cell count that are clock resources (global clock buffer, MMCM, PLL, etc)
**** GT Loads column represents load cell count of GT types


+----+----+------+-----------------------+
|    | X0 | X1   | HORIZONTAL PROG DELAY |
+----+----+------+-----------------------+
| Y1 |  0 |    0 |                     0 |
| Y0 |  0 |  147 |                     0 |
+----+----+------+-----------------------+


10. Device Cell Placement Summary for Global Clock g3
-----------------------------------------------------

+-----------+-----------------+-------------------+-------+-------------+---------------+-------------+----------+----------------+----------+-----------------------------------------------+
| Global Id | Driver Type/Pin | Driver Region (D) | Clock | Period (ns) | Waveform (ns) | Slice Loads | IO Loads | Clocking Loads | GT Loads | Net                                           |
+-----------+-----------------+-------------------+-------+-------------+---------------+-------------+----------+----------------+----------+-----------------------------------------------+
| g3        | BUFG/O          | n/a               |       |             |               |         147 |        0 |              0 |        0 | design_1_i/M6_parametre_2/U0/CurrEtat_BUFG[0] |
+-----------+-----------------+-------------------+-------+-------------+---------------+-------------+----------+----------------+----------+-----------------------------------------------+
* Slice Loads column represents load cell count of all cell types other than IO, GT and clock resources
** IO Loads column represents load cell count of IO types
*** Clocking Loads column represents load cell count that are clock resources (global clock buffer, MMCM, PLL, etc)
**** GT Loads column represents load cell count of GT types


+----+----+------+-----------------------+
|    | X0 | X1   | HORIZONTAL PROG DELAY |
+----+----+------+-----------------------+
| Y1 |  0 |    0 |                     0 |
| Y0 |  0 |  147 |                     0 |
+----+----+------+-----------------------+


11. Device Cell Placement Summary for Global Clock g4
-----------------------------------------------------

+-----------+-----------------+-------------------+---------+-------------+----------------+-------------+----------+----------------+----------+------------------------------------------+
| Global Id | Driver Type/Pin | Driver Region (D) | Clock   | Period (ns) | Waveform (ns)  | Slice Loads | IO Loads | Clocking Loads | GT Loads | Net                                      |
+-----------+-----------------+-------------------+---------+-------------+----------------+-------------+----------+----------------+----------+------------------------------------------+
| g4        | BUFG/O          | n/a               | CLKOUT1 |      80.714 | {0.000 40.357} |          11 |        1 |              0 |        0 | inst_synchro/inst_synchro/o_ac_mclk_OBUF |
+-----------+-----------------+-------------------+---------+-------------+----------------+-------------+----------+----------------+----------+------------------------------------------+
* Slice Loads column represents load cell count of all cell types other than IO, GT and clock resources
** IO Loads column represents load cell count of IO types
*** Clocking Loads column represents load cell count that are clock resources (global clock buffer, MMCM, PLL, etc)
**** GT Loads column represents load cell count of GT types


+----+----+-----+-----------------------+
|    | X0 | X1  | HORIZONTAL PROG DELAY |
+----+----+-----+-----------------------+
| Y1 |  0 |   0 |                     0 |
| Y0 |  0 |  12 |                     0 |
+----+----+-----+-----------------------+


12. Clock Region Cell Placement per Global Clock: Region X0Y0
-------------------------------------------------------------

+-----------+-------+-----------------+------------+-------------+-----------------+----+--------+------+-----+----+------+-----+---------+--------------------------------------------+
| Global Id | Track | Driver Type/Pin | Constraint | Clock Loads | Non-Clock Loads | FF | LUTRAM | RAMB | DSP | GT | MMCM | PLL | Hard IP | Net                                        |
+-----------+-------+-----------------+------------+-------------+-----------------+----+--------+------+-----+----+------+-----+---------+--------------------------------------------+
| g0        | n/a   | BUFG/O          | None       |           6 |               0 |  6 |      0 |    0 |   0 |  0 |    0 |   0 |       0 | inst_synchro/inst_gen_clk_codec/clk_100MHz |
+-----------+-------+-----------------+------------+-------------+-----------------+----+--------+------+-----+----+------+-----+---------+--------------------------------------------+
* Clock Loads column represents the clock pin loads (pin count)
** Non-Clock Loads column represents the non-clock pin loads (pin count)
*** Columns FF, LUTRAM, RAMB through 'Hard IP' represents load cell counts


13. Clock Region Cell Placement per Global Clock: Region X1Y0
-------------------------------------------------------------

+-----------+-------+-----------------+------------+-------------+-----------------+-----+--------+------+-----+----+------+-----+---------+-----------------------------------------------+
| Global Id | Track | Driver Type/Pin | Constraint | Clock Loads | Non-Clock Loads | FF  | LUTRAM | RAMB | DSP | GT | MMCM | PLL | Hard IP | Net                                           |
+-----------+-------+-----------------+------------+-------------+-----------------+-----+--------+------+-----+----+------+-----+---------+-----------------------------------------------+
| g0        | n/a   | BUFG/O          | None       |         152 |               1 | 152 |      0 |    0 |   0 |  0 |    0 |   0 |       0 | inst_synchro/inst_gen_clk_codec/clk_100MHz    |
| g1        | n/a   | BUFG/O          | None       |         124 |               0 | 124 |      0 |    0 |   0 |  0 |    0 |   0 |       0 | inst_synchro/inst_synchro/PLLE2_BASE_inst_0   |
| g2        | n/a   | BUFG/O          | None       |          94 |              53 |   0 |      0 |    0 |   0 |  0 |    0 |   0 |       0 | design_1_i/M6_parametre_2/U0/CurrEtat_BUFG[1] |
| g3        | n/a   | BUFG/O          | None       |          48 |              99 |   0 |      0 |    0 |   0 |  0 |    0 |   0 |       0 | design_1_i/M6_parametre_2/U0/CurrEtat_BUFG[0] |
| g4        | n/a   | BUFG/O          | None       |          11 |               1 |  11 |      0 |    0 |   0 |  0 |    0 |   0 |       0 | inst_synchro/inst_synchro/o_ac_mclk_OBUF      |
+-----------+-------+-----------------+------------+-------------+-----------------+-----+--------+------+-----+----+------+-----+---------+-----------------------------------------------+
* Clock Loads column represents the clock pin loads (pin count)
** Non-Clock Loads column represents the non-clock pin loads (pin count)
*** Columns FF, LUTRAM, RAMB through 'Hard IP' represents load cell counts


14. Clock Region Cell Placement per Global Clock: Region X1Y1
-------------------------------------------------------------

+-----------+-------+-----------------+------------+-------------+-----------------+----+--------+------+-----+----+------+-----+---------+--------------------------------------------+
| Global Id | Track | Driver Type/Pin | Constraint | Clock Loads | Non-Clock Loads | FF | LUTRAM | RAMB | DSP | GT | MMCM | PLL | Hard IP | Net                                        |
+-----------+-------+-----------------+------------+-------------+-----------------+----+--------+------+-----+----+------+-----+---------+--------------------------------------------+
| g0        | n/a   | BUFG/O          | None       |          21 |               0 | 21 |      0 |    0 |   0 |  0 |    0 |   0 |       0 | inst_synchro/inst_gen_clk_codec/clk_100MHz |
+-----------+-------+-----------------+------------+-------------+-----------------+----+--------+------+-----+----+------+-----+---------+--------------------------------------------+
* Clock Loads column represents the clock pin loads (pin count)
** Non-Clock Loads column represents the non-clock pin loads (pin count)
*** Columns FF, LUTRAM, RAMB through 'Hard IP' represents load cell counts



# Location of BUFG Primitives 
set_property LOC BUFGCTRL_X0Y16 [get_cells inst_synchro/inst_synchro/ClockBufer1]
set_property LOC BUFGCTRL_X0Y17 [get_cells inst_synchro/inst_synchro/ClockBuf0]
set_property LOC BUFGCTRL_X0Y0 [get_cells inst_synchro/inst_gen_clk_codec/ClockBufer1]
set_property LOC BUFGCTRL_X0Y1 [get_cells design_1_i/M6_parametre_2/U0/CurrEtat[1]_BUFG_inst]
set_property LOC BUFGCTRL_X0Y2 [get_cells design_1_i/M6_parametre_2/U0/CurrEtat_BUFG[0]_BUFG_inst]

# Location of IO Primitives which is load of clock spine
set_property LOC IOB_X0Y11 [get_cells o_ac_mclk_OBUF_inst]
set_property LOC IOB_X0Y49 [get_cells o_ac_bclk_OBUF_inst]

# Location of clock ports
set_property LOC IOB_X0Y76 [get_ports sysclk]

# Clock net "inst_synchro/inst_synchro/o_ac_mclk_OBUF" driven by instance "inst_synchro/inst_synchro/ClockBufer1" located at site "BUFGCTRL_X0Y16"
#startgroup
create_pblock {CLKAG_inst_synchro/inst_synchro/o_ac_mclk_OBUF}
add_cells_to_pblock [get_pblocks  {CLKAG_inst_synchro/inst_synchro/o_ac_mclk_OBUF}] [get_cells -filter { PRIMITIVE_GROUP != I/O && IS_PRIMITIVE==1 && PRIMITIVE_LEVEL !=INTERNAL && NAME!=o_ac_mclk_OBUF_inst} -of_object [get_pins -filter {DIRECTION==IN} -of_objects [get_nets -hierarchical -filter {PARENT=="inst_synchro/inst_synchro/o_ac_mclk_OBUF"}]]]
resize_pblock [get_pblocks {CLKAG_inst_synchro/inst_synchro/o_ac_mclk_OBUF}] -add {CLOCKREGION_X1Y0:CLOCKREGION_X1Y0}
#endgroup

# Clock net "inst_synchro/inst_synchro/PLLE2_BASE_inst_0" driven by instance "inst_synchro/inst_synchro/ClockBuf0" located at site "BUFGCTRL_X0Y17"
#startgroup
create_pblock {CLKAG_inst_synchro/inst_synchro/PLLE2_BASE_inst_0}
add_cells_to_pblock [get_pblocks  {CLKAG_inst_synchro/inst_synchro/PLLE2_BASE_inst_0}] [get_cells -filter { PRIMITIVE_GROUP != I/O && IS_PRIMITIVE==1 && PRIMITIVE_LEVEL !=INTERNAL } -of_object [get_pins -filter {DIRECTION==IN} -of_objects [get_nets -hierarchical -filter {PARENT=="inst_synchro/inst_synchro/PLLE2_BASE_inst_0"}]]]
resize_pblock [get_pblocks {CLKAG_inst_synchro/inst_synchro/PLLE2_BASE_inst_0}] -add {CLOCKREGION_X1Y0:CLOCKREGION_X1Y0}
#endgroup

# Clock net "inst_synchro/inst_gen_clk_codec/clk_100MHz" driven by instance "inst_synchro/inst_gen_clk_codec/ClockBufer1" located at site "BUFGCTRL_X0Y0"
#startgroup
create_pblock {CLKAG_inst_synchro/inst_gen_clk_codec/clk_100MHz}
add_cells_to_pblock [get_pblocks  {CLKAG_inst_synchro/inst_gen_clk_codec/clk_100MHz}] [get_cells -filter { PRIMITIVE_GROUP != I/O && IS_PRIMITIVE==1 && PRIMITIVE_LEVEL !=INTERNAL && NAME!=o_ac_bclk_OBUF_inst} -of_object [get_pins -filter {DIRECTION==IN} -of_objects [get_nets -hierarchical -filter {PARENT=="inst_synchro/inst_gen_clk_codec/clk_100MHz"}]]]
resize_pblock [get_pblocks {CLKAG_inst_synchro/inst_gen_clk_codec/clk_100MHz}] -add {CLOCKREGION_X0Y0:CLOCKREGION_X0Y0 CLOCKREGION_X1Y0:CLOCKREGION_X1Y0 CLOCKREGION_X1Y1:CLOCKREGION_X1Y1}
#endgroup

# Clock net "design_1_i/M6_parametre_2/U0/CurrEtat_BUFG[1]" driven by instance "design_1_i/M6_parametre_2/U0/CurrEtat[1]_BUFG_inst" located at site "BUFGCTRL_X0Y1"
#startgroup
create_pblock {CLKAG_design_1_i/M6_parametre_2/U0/CurrEtat_BUFG[1]}
add_cells_to_pblock [get_pblocks  {CLKAG_design_1_i/M6_parametre_2/U0/CurrEtat_BUFG[1]}] [get_cells -filter { PRIMITIVE_GROUP != I/O && IS_PRIMITIVE==1 && PRIMITIVE_LEVEL !=INTERNAL } -of_object [get_pins -filter {DIRECTION==IN} -of_objects [get_nets -hierarchical -filter {PARENT=="design_1_i/M6_parametre_2/U0/CurrEtat_BUFG[1]"}]]]
resize_pblock [get_pblocks {CLKAG_design_1_i/M6_parametre_2/U0/CurrEtat_BUFG[1]}] -add {CLOCKREGION_X1Y0:CLOCKREGION_X1Y0}
#endgroup

# Clock net "design_1_i/M6_parametre_2/U0/CurrEtat_BUFG[0]" driven by instance "design_1_i/M6_parametre_2/U0/CurrEtat_BUFG[0]_BUFG_inst" located at site "BUFGCTRL_X0Y2"
#startgroup
create_pblock {CLKAG_design_1_i/M6_parametre_2/U0/CurrEtat_BUFG[0]}
add_cells_to_pblock [get_pblocks  {CLKAG_design_1_i/M6_parametre_2/U0/CurrEtat_BUFG[0]}] [get_cells -filter { PRIMITIVE_GROUP != I/O && IS_PRIMITIVE==1 && PRIMITIVE_LEVEL !=INTERNAL } -of_object [get_pins -filter {DIRECTION==IN} -of_objects [get_nets -hierarchical -filter {PARENT=="design_1_i/M6_parametre_2/U0/CurrEtat_BUFG[0]"}]]]
resize_pblock [get_pblocks {CLKAG_design_1_i/M6_parametre_2/U0/CurrEtat_BUFG[0]}] -add {CLOCKREGION_X1Y0:CLOCKREGION_X1Y0}
#endgroup
